<?xml version="1.0" encoding="UTF-8"?>
<!-- Generated by org.testng.reporters.JUnitReportReporter -->
<testsuite hostname="Abdullah-Aladham" failures="0" tests="2" name="opensooq_selenium.Main" time="3.451" errors="0" timestamp="2024-03-05T19:59:10 IST" skipped="0">
  <testcase classname="opensooq_selenium.Main" name="HomePage_En" time="1.099"/>
  <system-out/>
  <testcase classname="opensooq_selenium.Main" name="Home" time="2.352"/>
  <system-out/>
</testsuite> <!-- opensooq_selenium.Main -->
